<?xml version="1.0" encoding="UTF-8"?>
<!-- Generated by org.testng.reporters.JUnitXMLReporter -->
<testsuite ignored="0" hostname="LAPTOP-IVR6CHF7" failures="0" tests="4" name="Test" time="59.114" errors="0" timestamp="2024-12-15T08:20:33 IST">
  <testcase classname="testcases.EnrollCourseTest" name="validLoginTest" time="6.051"/>
  <testcase classname="testcases.EnrollCourseTest" name="enrollCourse" time="14.187"/>
  <testcase classname="testcases.AddCourseTest" name="validLoginTest" time="6.121"/>
  <testcase classname="testcases.AddCourseTest" name="addCourse" time="25.668"/>
</testsuite> <!-- Test -->
