<?xml version="1.0" encoding="UTF-8"?>
<testng-results ignored="0" total="4" passed="4" failed="0" skipped="0">
  <reporter-output>
  </reporter-output>
  <suite started-at="2024-12-15T08:19:33 IST" name="Suite" finished-at="2024-12-15T08:20:32 IST" duration-ms="59114">
    <groups>
    </groups>
    <test started-at="2024-12-15T08:19:33 IST" name="Test" finished-at="2024-12-15T08:20:32 IST" duration-ms="59114">
      <class name="testcases.AddCourseTest">
        <test-method is-config="true" signature="setupBrowser()[pri:0, instance:testcases.AddCourseTest@6d60fe40]" started-at="2024-12-15T08:19:58 IST" name="setupBrowser" finished-at="2024-12-15T08:20:00 IST" duration-ms="1991" status="PASS">
          <reporter-output>
          </reporter-output>
        </test-method> <!-- setupBrowser -->
        <test-method signature="validLoginTest(java.lang.String,java.lang.String)[pri:0, instance:testcases.AddCourseTest@6d60fe40]" started-at="2024-12-15T08:20:00 IST" name="validLoginTest" data-provider="login" finished-at="2024-12-15T08:20:06 IST" duration-ms="6121" status="PASS">
          <params>
            <param index="0">
              <value>
                <![CDATA[admin@email.com]]>
              </value>
            </param>
            <param index="1">
              <value>
                <![CDATA[admin@123]]>
              </value>
            </param>
          </params>
          <reporter-output>
          </reporter-output>
        </test-method> <!-- validLoginTest -->
        <test-method signature="addCourse(java.lang.String,java.lang.String,java.lang.String,java.lang.String,java.lang.String,java.lang.String,java.lang.String,java.lang.String)[pri:1, instance:testcases.AddCourseTest@6d60fe40]" started-at="2024-12-15T08:20:07 IST" name="addCourse" data-provider="AddCourseDetails" finished-at="2024-12-15T08:20:32 IST" duration-ms="25668" status="PASS">
          <params>
            <param index="0">
              <value>
                <![CDATA[C:\\Users\\PRADE\\OneDrive\\Desktop\\uploadFile.jpg]]>
              </value>
            </param>
            <param index="1">
              <value>
                <![CDATA[InformaticaDB]]>
              </value>
            </param>
            <param index="2">
              <value>
                <![CDATA[ETL]]>
              </value>
            </param>
            <param index="3">
              <value>
                <![CDATA[Rithika]]>
              </value>
            </param>
            <param index="4">
              <value>
                <![CDATA[10000.0]]>
              </value>
            </param>
            <param index="5">
              <value>
                <![CDATA[20.0]]>
              </value>
            </param>
            <param index="6">
              <value>
                <![CDATA[5.0]]>
              </value>
            </param>
            <param index="7">
              <value>
                <![CDATA[Selenium]]>
              </value>
            </param>
          </params>
          <reporter-output>
          </reporter-output>
        </test-method> <!-- addCourse -->
        <test-method is-config="true" signature="tearDown()[pri:0, instance:testcases.AddCourseTest@6d60fe40]" started-at="2024-12-15T08:20:32 IST" name="tearDown" finished-at="2024-12-15T08:20:32 IST" duration-ms="1" status="PASS">
          <reporter-output>
          </reporter-output>
        </test-method> <!-- tearDown -->
      </class> <!-- testcases.AddCourseTest -->
      <class name="testcases.EnrollCourseTest">
        <test-method is-config="true" signature="setupBrowser()[pri:0, instance:testcases.EnrollCourseTest@4082ba93]" started-at="2024-12-15T08:19:33 IST" name="setupBrowser" finished-at="2024-12-15T08:19:36 IST" duration-ms="2772" status="PASS">
          <reporter-output>
          </reporter-output>
        </test-method> <!-- setupBrowser -->
        <test-method signature="validLoginTest(java.lang.String,java.lang.String)[pri:0, instance:testcases.EnrollCourseTest@4082ba93]" started-at="2024-12-15T08:19:37 IST" name="validLoginTest" data-provider="login" finished-at="2024-12-15T08:19:43 IST" duration-ms="6051" status="PASS">
          <params>
            <param index="0">
              <value>
                <![CDATA[admin@email.com]]>
              </value>
            </param>
            <param index="1">
              <value>
                <![CDATA[admin@123]]>
              </value>
            </param>
          </params>
          <reporter-output>
          </reporter-output>
        </test-method> <!-- validLoginTest -->
        <test-method signature="enrollCourse(java.lang.String,java.lang.String,java.lang.String)[pri:1, instance:testcases.EnrollCourseTest@4082ba93]" started-at="2024-12-15T08:19:44 IST" name="enrollCourse" data-provider="CourseInfo" finished-at="2024-12-15T08:19:58 IST" duration-ms="14187" status="PASS">
          <params>
            <param index="0">
              <value>
                <![CDATA[Selenium]]>
              </value>
            </param>
            <param index="1">
              <value>
                <![CDATA[Hyderabad]]>
              </value>
            </param>
            <param index="2">
              <value>
                <![CDATA[1.234567891E9]]>
              </value>
            </param>
          </params>
          <reporter-output>
          </reporter-output>
        </test-method> <!-- enrollCourse -->
        <test-method is-config="true" signature="tearDown()[pri:0, instance:testcases.EnrollCourseTest@4082ba93]" started-at="2024-12-15T08:19:58 IST" name="tearDown" finished-at="2024-12-15T08:19:58 IST" duration-ms="1" status="PASS">
          <reporter-output>
          </reporter-output>
        </test-method> <!-- tearDown -->
      </class> <!-- testcases.EnrollCourseTest -->
    </test> <!-- Test -->
  </suite> <!-- Suite -->
</testng-results>
