<?xml version="1.0" encoding="UTF-8"?>
<testsuite xmlns:xsi="http://www.w3.org/2001/XMLSchema-instance" xsi:noNamespaceSchemaLocation="https://maven.apache.org/surefire/maven-surefire-plugin/xsd/surefire-test-report.xsd" version="3.0.2" name="TestSuite" time="62.511" tests="4" errors="0" skipped="0" failures="0">
  <properties>
[...]
</properties>
  <testcase name="validLoginTest[admin@email.com, admin@123](1)" classname="testcases.EnrollCourseTest" time="6.37">
    <system-out><![CDATA[LOG:INFO - Setting Up Browser
LOG:INFO - Application is up and running
LOG:INFO - Generating Test Data For The Test
2024-12-15T02:49:36.780150300Z main ERROR Log4j2 could not find a logging implementation. Please add log4j-core to the classpath. Using SimpleLogger to log to the console...
LOG:INFO - Test Data Generated
]]></system-out>
    <system-err><![CDATA[SLF4J: Failed to load class "org.slf4j.impl.StaticLoggerBinder".
SLF4J: Defaulting to no-operation (NOP) logger implementation
SLF4J: See http://www.slf4j.org/codes.html#StaticLoggerBinder for further details.
]]></system-err>
  </testcase>
  <testcase name="enrollCourse[Selenium, Hyderabad, 1.234567891E9](1)" classname="testcases.EnrollCourseTest" time="14.354">
    <system-out><![CDATA[LOG:INFO - Generating Test Data For The Test to add the Course
LOG:INFO - Test Data Generated
]]></system-out>
  </testcase>
  <testcase name="validLoginTest[admin@email.com, admin@123](1)" classname="testcases.AddCourseTest" time="6.338">
    <system-out><![CDATA[LOG:INFO - Closing Browser
LOG:INFO - Application and browser closed
LOG:INFO - Setting Up Browser
LOG:INFO - Application is up and running
LOG:INFO - Generating Test Data For The Test
LOG:INFO - Test Data Generated
]]></system-out>
  </testcase>
  <testcase name="addCourse[C:\\Users\\PRADE\\OneDrive\\Desktop\\uploadFile.jpg, InformaticaDB, ETL, Rithika, 10000.0, 20.0, 5.0, Selenium](1)" classname="testcases.AddCourseTest" time="25.89">
    <system-out><![CDATA[LOG:INFO - Generating Test Data For The Test to add the Course
LOG:INFO - Test Data Generated
Manage page urlhttps://freelance-learn-automation.vercel.app/course/manage
InformaticaDB value is present
]]></system-out>
  </testcase>
</testsuite>