<?xml version="1.0" encoding="UTF-8"?>
<testng-results ignored="0" total="2" passed="2" failed="0" skipped="0">
  <reporter-output>
  </reporter-output>
  <suite started-at="2024-12-14T07:24:51 IST" name="Default suite" finished-at="2024-12-14T07:25:05 IST" duration-ms="14426">
    <groups>
    </groups>
    <test started-at="2024-12-14T07:24:51 IST" name="Default test" finished-at="2024-12-14T07:25:05 IST" duration-ms="14426">
      <class name="testcases.EnrollCourseTest">
        <test-method is-config="true" signature="setupBrowser()[pri:0, instance:testcases.EnrollCourseTest@25ce9dc4]" started-at="2024-12-14T07:24:51 IST" name="setupBrowser" finished-at="2024-12-14T07:24:54 IST" duration-ms="2952" status="PASS">
          <reporter-output>
          </reporter-output>
        </test-method> <!-- setupBrowser -->
        <test-method signature="validLoginTest(java.lang.String,java.lang.String)[pri:0, instance:testcases.EnrollCourseTest@25ce9dc4]" started-at="2024-12-14T07:24:55 IST" name="validLoginTest" data-provider="login" finished-at="2024-12-14T07:24:58 IST" duration-ms="2828" status="PASS">
          <params>
            <param index="0">
              <value>
                <![CDATA[admin@email.com]]>
              </value>
            </param>
            <param index="1">
              <value>
                <![CDATA[admin@123]]>
              </value>
            </param>
          </params>
          <reporter-output>
          </reporter-output>
        </test-method> <!-- validLoginTest -->
        <test-method signature="enrollCourse(java.lang.String,java.lang.String,java.lang.String)[pri:1, instance:testcases.EnrollCourseTest@25ce9dc4]" started-at="2024-12-14T07:24:58 IST" name="enrollCourse" data-provider="CourseInfo" finished-at="2024-12-14T07:25:05 IST" duration-ms="6824" status="PASS">
          <params>
            <param index="0">
              <value>
                <![CDATA[Selenium]]>
              </value>
            </param>
            <param index="1">
              <value>
                <![CDATA[Hyderabad]]>
              </value>
            </param>
            <param index="2">
              <value>
                <![CDATA[1.234567891E9]]>
              </value>
            </param>
          </params>
          <reporter-output>
          </reporter-output>
        </test-method> <!-- enrollCourse -->
        <test-method is-config="true" signature="tearDown()[pri:0, instance:testcases.EnrollCourseTest@25ce9dc4]" started-at="2024-12-14T07:25:05 IST" name="tearDown" finished-at="2024-12-14T07:25:05 IST" duration-ms="788" status="PASS">
          <reporter-output>
          </reporter-output>
        </test-method> <!-- tearDown -->
      </class> <!-- testcases.EnrollCourseTest -->
    </test> <!-- Default test -->
  </suite> <!-- Default suite -->
</testng-results>
